<?xml version="1.0" encoding="UTF-8"?>
<!-- Generated by org.testng.reporters.JUnitXMLReporter -->
<testsuite hostname="DESKTOP-5ARAU77" ignored="6" name="Surefire test" tests="5" failures="1" timestamp="10 Mar 2022 08:25:24 GMT" time="6.262" errors="0">
  <testcase name="validateCreateCustomerAPIWithInValidSecretKey" time="2.938" classname="com.w2a.testcases.CreateCustomerTest"/>
  <testcase name="validateCreateCustomerAPIWithValidSecretKey" time="0.805" classname="com.w2a.testcases.CreateCustomerTest"/>
  <testcase name="validateCreateCustomerAPIWithValidSecretKey" time="0.849" classname="com.w2a.testcases.CreateCustomerTest"/>
  <testcase name="validateCreateCustomerAPIWithValidSecretKey" time="0.718" classname="com.w2a.testcases.CreateCustomerTest"/>
  <testcase name="deleteCustomer" time="0.896" classname="com.w2a.testcases.DeleteCustomerTest">
    <failure type="java.lang.NullPointerException">
      <![CDATA[java.lang.NullPointerException
at com.w2a.testcases.DeleteCustomerTest.deleteCustomer(DeleteCustomerTest.java:31)
... Removed 29 stack frames]]>
    </failure>
  </testcase> <!-- deleteCustomer -->
  <testcase name="@BeforeSuite setUp" time="0.0" classname="com.w2a.SetUp.BaseTest">
    <ignored/>
  </testcase> <!-- @BeforeSuite setUp -->
  <testcase name="@BeforeSuite setUp" time="0.0" classname="com.w2a.SetUp.BaseTest">
    <ignored/>
  </testcase> <!-- @BeforeSuite setUp -->
  <testcase name="@BeforeSuite setUp" time="0.0" classname="com.w2a.SetUp.BaseTest">
    <ignored/>
  </testcase> <!-- @BeforeSuite setUp -->
  <testcase name="@AfterSuite tearDown" time="0.0" classname="com.w2a.SetUp.BaseTest">
    <ignored/>
  </testcase> <!-- @AfterSuite tearDown -->
  <testcase name="@AfterSuite tearDown" time="0.0" classname="com.w2a.SetUp.BaseTest">
    <ignored/>
  </testcase> <!-- @AfterSuite tearDown -->
  <testcase name="@AfterSuite tearDown" time="0.0" classname="com.w2a.SetUp.BaseTest">
    <ignored/>
  </testcase> <!-- @AfterSuite tearDown -->
</testsuite> <!-- Surefire test -->
