<?xml version="1.0" encoding="UTF-8"?>
<!-- Generated by org.testng.reporters.JUnitXMLReporter -->
<testsuite hostname="DESKTOP-5ARAU77" ignored="0" name="Delete Customer API Test" tests="1" failures="1" timestamp="2022-03-09T16:06:22 IST" time="2.681" errors="0">
  <testcase name="deleteCustomer" time="2.599" classname="com.w2a.testcases.DeleteCustomerTest">
    <failure type="java.lang.AssertionError" message="ID key is not present in the JSON response expected [true] but found [false]">
      <![CDATA[java.lang.AssertionError: ID key is not present in the JSON response expected [true] but found [false]
at com.w2a.testcases.DeleteCustomerTest.deleteCustomer(DeleteCustomerTest.java:55)
at java.util.concurrent.FutureTask.run(FutureTask.java:266)
at java.util.concurrent.Executors$RunnableAdapter.call(Executors.java:511)
at java.util.concurrent.FutureTask.run(FutureTask.java:266)
at java.util.concurrent.ThreadPoolExecutor.runWorker(ThreadPoolExecutor.java:1149)
at java.util.concurrent.ThreadPoolExecutor$Worker.run(ThreadPoolExecutor.java:624)
at java.lang.Thread.run(Thread.java:748)
... Removed 12 stack frames]]>
    </failure>
  </testcase> <!-- deleteCustomer -->
</testsuite> <!-- Delete Customer API Test -->
