<?xml version="1.0" encoding="UTF-8"?>
<testng-results skipped="0" failed="1" ignored="6" total="11" passed="4">
  <reporter-output>
  </reporter-output>
  <suite name="Surefire suite" duration-ms="6262" started-at="2022-03-10T08:25:18Z" finished-at="2022-03-10T08:25:24Z">
    <groups>
    </groups>
    <test name="Surefire test" duration-ms="6262" started-at="2022-03-10T08:25:18Z" finished-at="2022-03-10T08:25:24Z">
      <class name="com.w2a.rough.TestProperties">
        <test-method status="PASS" signature="setUp()[pri:0, instance:com.w2a.rough.TestProperties@1bd4fdd]" name="setUp" is-config="true" duration-ms="568" started-at="2022-03-10T08:25:17Z" finished-at="2022-03-10T08:25:18Z">
          <reporter-output>
          </reporter-output>
        </test-method> <!-- setUp -->
        <test-method status="PASS" signature="tearDown()[pri:0, instance:com.w2a.rough.TestProperties@1bd4fdd]" name="tearDown" is-config="true" duration-ms="0" started-at="2022-03-10T08:25:24Z" finished-at="2022-03-10T08:25:24Z">
          <reporter-output>
          </reporter-output>
        </test-method> <!-- tearDown -->
      </class> <!-- com.w2a.rough.TestProperties -->
      <class name="com.w2a.testcases.CreateCustomerTest">
        <test-method status="PASS" signature="validateCreateCustomerAPIWithInValidSecretKey(java.util.Hashtable)[pri:0, instance:com.w2a.testcases.CreateCustomerTest@55183b20]" name="validateCreateCustomerAPIWithInValidSecretKey" duration-ms="2938" started-at="2022-03-10T08:25:18Z" data-provider="data" finished-at="2022-03-10T08:25:21Z">
          <params>
            <param index="0">
              <value>
                <![CDATA[{email=java@way2automation.com, name=Rahul Arora, description=Adding the Second customer in framework}]]>
              </value>
            </param>
          </params>
          <reporter-output>
          </reporter-output>
        </test-method> <!-- validateCreateCustomerAPIWithInValidSecretKey -->
        <test-method status="PASS" signature="validateCreateCustomerAPIWithValidSecretKey(java.util.Hashtable)[pri:0, instance:com.w2a.testcases.CreateCustomerTest@55183b20]" name="validateCreateCustomerAPIWithValidSecretKey" duration-ms="805" started-at="2022-03-10T08:25:21Z" data-provider="data" finished-at="2022-03-10T08:25:21Z">
          <params>
            <param index="0">
              <value>
                <![CDATA[{email=java@way2automation.com, name=Rahul Arora, description=Adding the Second customer in framework}]]>
              </value>
            </param>
          </params>
          <reporter-output>
          </reporter-output>
        </test-method> <!-- validateCreateCustomerAPIWithValidSecretKey -->
        <test-method status="PASS" signature="validateCreateCustomerAPIWithValidSecretKey(java.util.Hashtable)[pri:0, instance:com.w2a.testcases.CreateCustomerTest@55183b20]" name="validateCreateCustomerAPIWithValidSecretKey" duration-ms="849" started-at="2022-03-10T08:25:21Z" data-provider="data" finished-at="2022-03-10T08:25:22Z">
          <params>
            <param index="0">
              <value>
                <![CDATA[{email=corporate@way2automation.com, name=Raman Arora, description=Adding the Third Customer in Framework}]]>
              </value>
            </param>
          </params>
          <reporter-output>
          </reporter-output>
        </test-method> <!-- validateCreateCustomerAPIWithValidSecretKey -->
        <test-method status="PASS" signature="validateCreateCustomerAPIWithValidSecretKey(java.util.Hashtable)[pri:0, instance:com.w2a.testcases.CreateCustomerTest@55183b20]" name="validateCreateCustomerAPIWithValidSecretKey" duration-ms="718" started-at="2022-03-10T08:25:22Z" data-provider="data" finished-at="2022-03-10T08:25:23Z">
          <params>
            <param index="0">
              <value>
                <![CDATA[{email=ishita@way2automation.com, name=Ishita Arora, description=Adding the forth Customer in framework}]]>
              </value>
            </param>
          </params>
          <reporter-output>
          </reporter-output>
        </test-method> <!-- validateCreateCustomerAPIWithValidSecretKey -->
      </class> <!-- com.w2a.testcases.CreateCustomerTest -->
      <class name="com.w2a.testcases.DeleteCustomerTest">
        <test-method status="FAIL" signature="deleteCustomer(java.util.Hashtable)[pri:0, instance:com.w2a.testcases.DeleteCustomerTest@4f83df68]" name="deleteCustomer" duration-ms="896" started-at="2022-03-10T08:25:23Z" data-provider="data" finished-at="2022-03-10T08:25:24Z">
          <params>
            <param index="0">
              <value>
                <![CDATA[{id=cus_GN1t2FBIs7YE6u}]]>
              </value>
            </param>
          </params>
          <exception class="java.lang.NullPointerException">
            <full-stacktrace>
              <![CDATA[java.lang.NullPointerException
at com.w2a.testcases.DeleteCustomerTest.deleteCustomer(DeleteCustomerTest.java:31)
at sun.reflect.NativeMethodAccessorImpl.invoke0(Native Method)
at sun.reflect.NativeMethodAccessorImpl.invoke(NativeMethodAccessorImpl.java:62)
at sun.reflect.DelegatingMethodAccessorImpl.invoke(DelegatingMethodAccessorImpl.java:43)
at java.lang.reflect.Method.invoke(Method.java:498)
at org.testng.internal.MethodInvocationHelper.invokeMethod(MethodInvocationHelper.java:124)
at org.testng.internal.Invoker.invokeMethod(Invoker.java:583)
at org.testng.internal.Invoker.invokeTestMethod(Invoker.java:719)
at org.testng.internal.Invoker.invokeTestMethods(Invoker.java:989)
at org.testng.internal.TestMethodWorker.invokeTestMethods(TestMethodWorker.java:125)
at org.testng.internal.TestMethodWorker.run(TestMethodWorker.java:109)
at org.testng.TestRunner.privateRun(TestRunner.java:648)
at org.testng.TestRunner.run(TestRunner.java:505)
at org.testng.SuiteRunner.runTest(SuiteRunner.java:455)
at org.testng.SuiteRunner.runSequentially(SuiteRunner.java:450)
at org.testng.SuiteRunner.privateRun(SuiteRunner.java:415)
at org.testng.SuiteRunner.run(SuiteRunner.java:364)
at org.testng.SuiteRunnerWorker.runSuite(SuiteRunnerWorker.java:52)
at org.testng.SuiteRunnerWorker.run(SuiteRunnerWorker.java:84)
at org.testng.TestNG.runSuitesSequentially(TestNG.java:1208)
at org.testng.TestNG.runSuitesLocally(TestNG.java:1137)
at org.testng.TestNG.runSuites(TestNG.java:1049)
at org.testng.TestNG.run(TestNG.java:1017)
at org.apache.maven.surefire.testng.TestNGExecutor.run(TestNGExecutor.java:135)
at org.apache.maven.surefire.testng.TestNGDirectoryTestSuite.executeMulti(TestNGDirectoryTestSuite.java:193)
at org.apache.maven.surefire.testng.TestNGDirectoryTestSuite.execute(TestNGDirectoryTestSuite.java:94)
at org.apache.maven.surefire.testng.TestNGProvider.invoke(TestNGProvider.java:146)
at org.apache.maven.surefire.booter.ForkedBooter.invokeProviderInSameClassLoader(ForkedBooter.java:386)
at org.apache.maven.surefire.booter.ForkedBooter.runSuitesInProcess(ForkedBooter.java:323)
at org.apache.maven.surefire.booter.ForkedBooter.main(ForkedBooter.java:143)
]]>
            </full-stacktrace>
          </exception> <!-- java.lang.NullPointerException -->
          <reporter-output>
          </reporter-output>
        </test-method> <!-- deleteCustomer -->
      </class> <!-- com.w2a.testcases.DeleteCustomerTest -->
    </test> <!-- Surefire test -->
  </suite> <!-- Surefire suite -->
</testng-results>
