<?xml version="1.0" encoding="UTF-8"?>
<testsuite xmlns:xsi="http://www.w3.org/2001/XMLSchema-instance" xsi:noNamespaceSchemaLocation="https://maven.apache.org/surefire/maven-surefire-plugin/xsd/surefire-test-report.xsd" name="TestSuite" time="8.251" tests="5" errors="0" skipped="0" failures="1">
  <properties>
[...]
</properties>
  <testcase name="validateCreateCustomerAPIWithInValidSecretKey" classname="com.w2a.testcases.CreateCustomerTest" time="2.957"/>
  <testcase name="validateCreateCustomerAPIWithValidSecretKey" classname="com.w2a.testcases.CreateCustomerTest" time="0.792"/>
  <testcase name="validateCreateCustomerAPIWithValidSecretKey" classname="com.w2a.testcases.CreateCustomerTest" time="0.85"/>
  <testcase name="validateCreateCustomerAPIWithValidSecretKey" classname="com.w2a.testcases.CreateCustomerTest" time="0.715"/>
  <testcase name="deleteCustomer" classname="com.w2a.testcases.DeleteCustomerTest" time="0.909">
    <failure type="java.lang.NullPointerException">java.lang.NullPointerException
	at com.w2a.testcases.DeleteCustomerTest.deleteCustomer(DeleteCustomerTest.java:31)
</failure>
    <system-out><![CDATA[Total rows are : 14
Test name is : deleteCustomer
Test case starts from row num: 11
Total rows of data are : 1
Total cols are : 1
{
    "error": {
        "code": "resource_missing",
        "doc_url": "https://stripe.com/docs/error-codes/resource-missing",
        "message": "No such customer: 'cus_GN1t2FBIs7YE6u'",
        "param": "id",
        "type": "invalid_request_error"
    }
}
]]></system-out>
  </testcase>
</testsuite>